<?xml version="1.0" encoding="UTF-8"?>
<testng-results skipped="0" failed="1" total="2" passed="1">
  <reporter-output>
  </reporter-output>
  <suite name="Suite" duration-ms="36434" started-at="2016-11-07T06:02:54Z" finished-at="2016-11-07T06:03:30Z">
    <groups>
    </groups>
    <test name="Test" duration-ms="36434" started-at="2016-11-07T06:02:54Z" finished-at="2016-11-07T06:03:30Z">
      <class name="com.test.functional.LoginTest002">
        <test-method status="FAIL" signature="TestInvalid()[pri:0, instance:com.test.functional.LoginTest002@74976292]" name="TestInvalid" duration-ms="30653" started-at="2016-11-07T11:32:59Z" finished-at="2016-11-07T11:33:30Z">
          <exception class="org.openqa.selenium.NoSuchElementException">
            <message>
              <![CDATA[Unable to locate element: {"method":"id","selector":"login_field"}
Command duration or timeout: 30.64 seconds
For documentation on this error, please visit: http://seleniumhq.org/exceptions/no_such_element.html
Build info: version: '2.53.0', revision: '35ae25b', time: '2016-03-15 16:57:40'
System info: host: 'Amar', ip: '192.168.0.122', os.name: 'Windows 8', os.arch: 'amd64', os.version: '6.2', java.version: '1.7.0_15'
*** Element info: {Using=id, value=login_field}
Session ID: 7dc217bd-91f6-463a-8722-731a680cfbab
Driver info: org.openqa.selenium.firefox.FirefoxDriver
Capabilities [{platform=WINDOWS, acceptSslCerts=true, javascriptEnabled=true, cssSelectorsEnabled=true, databaseEnabled=true, browserName=firefox, handlesAlerts=true, nativeEvents=false, webStorageEnabled=true, rotatable=false, locationContextEnabled=true, applicationCacheEnabled=true, takesScreenshot=true, version=43.0.1}]]]>
            </message>
            <full-stacktrace>
              <![CDATA[org.openqa.selenium.NoSuchElementException: Unable to locate element: {"method":"id","selector":"login_field"}
Command duration or timeout: 30.64 seconds
For documentation on this error, please visit: http://seleniumhq.org/exceptions/no_such_element.html
Build info: version: '2.53.0', revision: '35ae25b', time: '2016-03-15 16:57:40'
System info: host: 'Amar', ip: '192.168.0.122', os.name: 'Windows 8', os.arch: 'amd64', os.version: '6.2', java.version: '1.7.0_15'
*** Element info: {Using=id, value=login_field}
Session ID: 7dc217bd-91f6-463a-8722-731a680cfbab
Driver info: org.openqa.selenium.firefox.FirefoxDriver
Capabilities [{platform=WINDOWS, acceptSslCerts=true, javascriptEnabled=true, cssSelectorsEnabled=true, databaseEnabled=true, browserName=firefox, handlesAlerts=true, nativeEvents=false, webStorageEnabled=true, rotatable=false, locationContextEnabled=true, applicationCacheEnabled=true, takesScreenshot=true, version=43.0.1}]
	at sun.reflect.NativeConstructorAccessorImpl.newInstance0(Native Method)
	at sun.reflect.NativeConstructorAccessorImpl.newInstance(Unknown Source)
	at sun.reflect.DelegatingConstructorAccessorImpl.newInstance(Unknown Source)
	at java.lang.reflect.Constructor.newInstance(Unknown Source)
	at org.openqa.selenium.remote.ErrorHandler.createThrowable(ErrorHandler.java:206)
	at org.openqa.selenium.remote.ErrorHandler.throwIfResponseFailed(ErrorHandler.java:158)
	at org.openqa.selenium.remote.RemoteWebDriver.execute(RemoteWebDriver.java:678)
	at org.openqa.selenium.remote.RemoteWebDriver.findElement(RemoteWebDriver.java:363)
	at org.openqa.selenium.remote.RemoteWebDriver.findElementById(RemoteWebDriver.java:413)
	at org.openqa.selenium.By$ById.findElement(By.java:218)
	at org.openqa.selenium.remote.RemoteWebDriver.findElement(RemoteWebDriver.java:355)
	at com.test.ui.LoginPage.getUserName(LoginPage.java:20)
	at com.test.functional.LoginTest002.TestInvalid(LoginTest002.java:30)
	at sun.reflect.NativeMethodAccessorImpl.invoke0(Native Method)
	at sun.reflect.NativeMethodAccessorImpl.invoke(Unknown Source)
	at sun.reflect.DelegatingMethodAccessorImpl.invoke(Unknown Source)
	at java.lang.reflect.Method.invoke(Unknown Source)
	at org.testng.internal.MethodInvocationHelper.invokeMethod(MethodInvocationHelper.java:85)
	at org.testng.internal.Invoker.invokeMethod(Invoker.java:639)
	at org.testng.internal.Invoker.invokeTestMethod(Invoker.java:816)
	at org.testng.internal.Invoker.invokeTestMethods(Invoker.java:1124)
	at org.testng.internal.TestMethodWorker.invokeTestMethods(TestMethodWorker.java:125)
	at org.testng.internal.TestMethodWorker.run(TestMethodWorker.java:108)
	at org.testng.TestRunner.privateRun(TestRunner.java:774)
	at org.testng.TestRunner.run(TestRunner.java:624)
	at org.testng.SuiteRunner.runTest(SuiteRunner.java:359)
	at org.testng.SuiteRunner.runSequentially(SuiteRunner.java:354)
	at org.testng.SuiteRunner.privateRun(SuiteRunner.java:312)
	at org.testng.SuiteRunner.run(SuiteRunner.java:261)
	at org.testng.SuiteRunnerWorker.runSuite(SuiteRunnerWorker.java:52)
	at org.testng.SuiteRunnerWorker.run(SuiteRunnerWorker.java:86)
	at org.testng.TestNG.runSuitesSequentially(TestNG.java:1215)
	at org.testng.TestNG.runSuitesLocally(TestNG.java:1140)
	at org.testng.TestNG.run(TestNG.java:1048)
	at org.testng.TestNG.privateMain(TestNG.java:1355)
	at org.testng.TestNG.main(TestNG.java:1324)
Caused by: org.openqa.selenium.NoSuchElementException: Unable to locate element: {"method":"id","selector":"login_field"}
For documentation on this error, please visit: http://seleniumhq.org/exceptions/no_such_element.html
Build info: version: '2.53.0', revision: '35ae25b', time: '2016-03-15 16:57:40'
System info: host: 'Amar', ip: '192.168.0.122', os.name: 'Windows 8', os.arch: 'amd64', os.version: '6.2', java.version: '1.7.0_15'
Driver info: driver.version: unknown
	at <anonymous class>.FirefoxDriver.prototype.findElementInternal_(file:///C:/Users/satish/AppData/Local/Temp/anonymous1220797798135055806webdriver-profile/extensions/fxdriver@googlecode.com/components/driver-component.js:10770)
	at <anonymous class>.fxdriver.Timer.prototype.setTimeout/<.notify(file:///C:/Users/satish/AppData/Local/Temp/anonymous1220797798135055806webdriver-profile/extensions/fxdriver@googlecode.com/components/driver-component.js:625)
]]>
            </full-stacktrace>
          </exception> <!-- org.openqa.selenium.NoSuchElementException -->
          <reporter-output>
          </reporter-output>
        </test-method> <!-- TestInvalid -->
        <test-method status="PASS" signature="preTest()[pri:0, instance:com.test.functional.LoginTest002@74976292]" name="preTest" is-config="true" duration-ms="0" started-at="2016-11-07T11:32:59Z" finished-at="2016-11-07T11:32:59Z">
          <reporter-output>
          </reporter-output>
        </test-method> <!-- preTest -->
        <test-method status="PASS" signature="postTest()[pri:0, instance:com.test.functional.LoginTest002@74976292]" name="postTest" is-config="true" duration-ms="31" started-at="2016-11-07T11:33:30Z" finished-at="2016-11-07T11:33:30Z">
          <reporter-output>
          </reporter-output>
        </test-method> <!-- postTest -->
      </class> <!-- com.test.functional.LoginTest002 -->
      <class name="com.test.functional.LoginTest001">
        <test-method status="PASS" signature="preTest()[pri:0, instance:com.test.functional.LoginTest001@48a3b847]" name="preTest" is-config="true" duration-ms="7" started-at="2016-11-07T11:32:54Z" finished-at="2016-11-07T11:32:54Z">
          <reporter-output>
          </reporter-output>
        </test-method> <!-- preTest -->
        <test-method status="PASS" signature="testLogin()[pri:0, instance:com.test.functional.LoginTest001@48a3b847]" name="testLogin" duration-ms="5713" started-at="2016-11-07T11:32:54Z" finished-at="2016-11-07T11:32:59Z">
          <reporter-output>
          </reporter-output>
        </test-method> <!-- testLogin -->
        <test-method status="PASS" signature="postTest()[pri:0, instance:com.test.functional.LoginTest001@48a3b847]" name="postTest" is-config="true" duration-ms="19" started-at="2016-11-07T11:32:59Z" finished-at="2016-11-07T11:32:59Z">
          <reporter-output>
          </reporter-output>
        </test-method> <!-- postTest -->
      </class> <!-- com.test.functional.LoginTest001 -->
    </test> <!-- Test -->
  </suite> <!-- Suite -->
</testng-results>
